<?xml version="1.0" encoding="UTF-8"?>
<!-- Generated by org.testng.reporters.JUnitReportReporter -->
<testsuite skipped="0" hostname="CANADA-PC" name="com.surveymonkey.Monkey.LoginPageTest" tests="7" failures="0" timestamp="07 Sep 2018 02:22:32 GMT" time="23.210" errors="0">
  <testcase name="TC1LoginPageButton" time="4.404" classname="com.surveymonkey.Monkey.LoginPageTest"/>
  <testcase name="TC2EnteringUserName" time="3.185" classname="com.surveymonkey.Monkey.LoginPageTest"/>
  <testcase name="TC3EnteringPassword" time="3.092" classname="com.surveymonkey.Monkey.LoginPageTest"/>
  <testcase name="TC4CheckOnRememberMe" time="0.156" classname="com.surveymonkey.Monkey.LoginPageTest"/>
  <testcase name="TC5LoginButton" time="8.832" classname="com.surveymonkey.Monkey.LoginPageTest"/>
  <testcase name="TC6ClilckOnCreateSurveyButton" time="3.381" classname="com.surveymonkey.Monkey.LoginPageTest"/>
  <testcase name="TC7TemplateSamples" time="0.160" classname="com.surveymonkey.Monkey.LoginPageTest"/>
</testsuite> <!-- com.surveymonkey.Monkey.LoginPageTest -->
